{
    "meta": {
        "version": "6.0.2",
        "timestamp": "2024-09-30T01:49:52.808417",
        "branch_coverage": false,
        "show_contexts": false
    },
    "files": {
        "tests/__init__.py": {
            "executed_lines": [
                0
            ],
            "summary": {
                "covered_lines": 0,
                "num_statements": 0,
                "percent_covered": 100.0,
                "percent_covered_display": "100",
                "missing_lines": 0,
                "excluded_lines": 0
            },
            "missing_lines": [],
            "excluded_lines": []
        },
        "tests/test_get_zen.py": {
            "executed_lines": [
                0,
                2,
                3,
                6,
                8,
                9,
                11,
                12,
                13,
                14,
                16,
                17,
                18,
                27,
                28,
                30,
                31,
                32,
                34,
                35,
                36
            ],
            "summary": {
                "covered_lines": 21,
                "num_statements": 21,
                "percent_covered": 100.0,
                "percent_covered_display": "100",
                "missing_lines": 0,
                "excluded_lines": 0
            },
            "missing_lines": [],
            "excluded_lines": []
        }
    },
    "totals": {
        "covered_lines": 21,
        "num_statements": 21,
        "percent_covered": 100.0,
        "percent_covered_display": "100",
        "missing_lines": 0,
        "excluded_lines": 0
    }
}